#
# A fatal error has been detected by the Java Runtime Environment:
#
#  SIGSEGV (0xb) at pc=0x00007f83f89c5411, pid=10034, tid=0x00007f83f823c700
#
# JRE version:  (8.0_202) (build )
# Java VM: OpenJDK 64-Bit Server VM (25.202-b49-5587405 mixed mode linux-amd64 compressed oops)
# Problematic frame:
# V  [libjvm.so+0x642411]  InvocationCounter::reinitialize(bool)+0x61
#
# Core dump written. Default location: /home/camila/AndroidStudioProjects/Weather/core or core.10034
#
# If you would like to submit a bug report, please visit:
#   http://bugreport.java.com/bugreport/crash.jsp
#

---------------  T H R E A D  ---------------

Current thread (0x00007f83f400a800):  JavaThread "Unknown thread" [_thread_in_vm, id=10037, stack(0x00007f83f813d000,0x00007f83f823d000)]

siginfo: si_signo: 11 (SIGSEGV), si_code: 1 (SEGV_MAPERR), si_addr: 0x0000000000002710

Registers:
RAX=0x0000000000013880, RBX=0x0000000000000000, RCX=0x00007f83f4026ed0, RDX=0x00007f83f89c5050
RSP=0x00007f83f823bb30, RBP=0x00007f83f823bb30, RSI=0x0000000000002710, RDI=0x0000000000002710
R8 =0xa3d70a3d70a3d70b, R9 =0x0000000000000000, R10=0x0000000000000100, R11=0x000000000000000e
R12=0x00007f83f823bbf0, R13=0x00007f83f823bb70, R14=0x00007f83f907b090, R15=0x00007f83f400a800
RIP=0x00007f83f89c5411, EFLAGS=0x0000000000010202, CSGSFS=0x002b000000000033, ERR=0x0000000000000006
  TRAPNO=0x000000000000000e

Top of Stack: (sp=0x00007f83f823bb30)
0x00007f83f823bb30:   00007f83f823bbd0 00007f83f8d0f5ca
0x00007f83f823bb40:   00007f83f823bbe0 00007f83f8d57481
0x00007f83f823bb50:   0000000000000100 0000000000000000
0x00007f83f823bb60:   0000000000000000 00007f83f4017000
0x00007f83f823bb70:   0000000000000000 000000000231c3b0
0x00007f83f823bb80:   0000000000000000 0000000000000000
0x00007f83f823bb90:   0000000000000000 0000000000000000
0x00007f83f823bba0:   0000000000000000 0000000000000000
0x00007f83f823bbb0:   00007f83f823bbf0 00007f83f823bde0
0x00007f83f823bbc0:   00007f83f907b090 00007f83f400a800
0x00007f83f823bbd0:   00007f83f823bbe0 00007f83f89b8479
0x00007f83f823bbe0:   00007f83f823bc40 00007f83f897fdb5
0x00007f83f823bbf0:   00007f83f400a800 00007f83f4009750
0x00007f83f823bc00:   00007f83f4009790 00007f83f40097a0
0x00007f83f823bc10:   00007f83f4009878 00000000000000d8
0x00007f83f823bc20:   00007f83f40099b0 00007f83f823bcf0
0x00007f83f823bc30:   00007f83f823bcf0 00007f83f823bcc0
0x00007f83f823bc40:   00007f83f823bdd0 00007f83f8d3aa74
0x00007f83f823bc50:   0000000000000000 0000000000000000
0x00007f83f823bc60:   0000000000000000 0000000000000000
0x00007f83f823bc70:   0000000000000000 0000000000000000
0x00007f83f823bc80:   0000000000000000 0000000000000000
0x00007f83f823bc90:   0000000000000000 0000000000000000
0x00007f83f823bca0:   0000000000000000 0000000000000000
0x00007f83f823bcb0:   0000000000000000 0000000000000000
0x00007f83f823bcc0:   0000000000000001 0000016ec6873bde
0x00007f83f823bcd0:   0000000000000000 0000000000000000
0x00007f83f823bce0:   0000000000000000 0000000000000000
0x00007f83f823bcf0:   0000000000000100 0000000000000000
0x00007f83f823bd00:   0000000000000000 0000000000000000
0x00007f83f823bd10:   0000000000000000 0000000000000000
0x00007f83f823bd20:   0000000000000000 0000000000000000 

Instructions: (pc=0x00007f83f89c5411)
0x00007f83f89c53f1:   48 0f 44 c2 48 89 05 5c fe 6b 00 48 8b 05 dd 6c
0x00007f83f89c5401:   5e 00 48 8b 30 48 8d 04 f5 00 00 00 00 48 89 f7
0x00007f83f89c5411:   89 0f 29 fe 6b 00 48 8b 05 1a 90 5e 00 4c 8b 08
0x00007f83f89c5421:   49 0d af f9 48 89 f8 49 f7 f8 48 8b 05 86 78 5e 

Stack: [0x00007f83f813d000,0x00007f83f823d000],  sp=0x00007f83f823bb30,  free space=1018k
Native frames: (J=compiled Java code, j=interpreted, Vv=VM code, C=native code)
V  [libjvm.so+0x642411]  InvocationCounter::reinitialize(bool)+0x61
V  [libjvm.so+0x98c5ca]  TemplateInterpreter::initialize()+0x2a
V  [libjvm.so+0x635479]  interpreter_init()+0x9
V  [libjvm.so+0x5fcdb5]  init_globals()+0x75
V  [libjvm.so+0x9b7a74]  Threads::create_vm(JavaVMInitArgs*, bool*)+0x274
V  [libjvm.so+0x669d5e]  JNI_CreateJavaVM+0x4e
C  [libjli.so+0x76f8]  JavaMain+0x88
C  [libpthread.so.0+0x84c0]  start_thread+0xe0


---------------  P R O C E S S  ---------------

Java Threads: ( => current thread )

Other Threads:

=>0x00007f83f400a800 (exited) JavaThread "Unknown thread" [_thread_in_vm, id=10037, stack(0x00007f83f813d000,0x00007f83f823d000)]

VM state:not at safepoint (not fully initialized)

VM Mutex/Monitor currently owned by a thread: None

heap address: 0x00000006e5000000, size: 3504 MB, Compressed Oops mode: Zero based, Oop shift amount: 3
Narrow klass base: 0x0000000000000000, Narrow klass shift: 3
Compressed class space size: 1073741824 Address: 0x00000007c0000000

GC Heap History (0 events):
No events

Deoptimization events (0 events):
No events

Classes redefined (0 events):
No events

Internal exceptions (0 events):
No events

Events (0 events):
No events


Dynamic libraries:
00400000-00401000 r-xp 00000000 fd:00 4475813                            /opt/android-studio/jre/bin/java
00401000-00402000 rw-p 00000000 fd:00 4475813                            /opt/android-studio/jre/bin/java
0231b000-0233c000 rw-p 00000000 00:00 0                                  [heap]
6e5000000-6ee300000 rw-p 00000000 00:00 0 
6ee300000-777000000 ---p 00000000 00:00 0 
777000000-77b900000 rw-p 00000000 00:00 0 
77b900000-800000000 ---p 00000000 00:00 0 
7f83cc000000-7f83cc021000 rw-p 00000000 00:00 0 
7f83cc021000-7f83d0000000 ---p 00000000 00:00 0 
7f83d4000000-7f83d4021000 rw-p 00000000 00:00 0 
7f83d4021000-7f83d8000000 ---p 00000000 00:00 0 
7f83db4ea000-7f83db876000 rw-p 00000000 00:00 0 
7f83db876000-7f83dc076000 ---p 00000000 00:00 0 
7f83dc076000-7f83e34ce000 rw-p 00000000 00:00 0 
7f83e34ce000-7f83e34cf000 ---p 00000000 00:00 0 
7f83e34cf000-7f83e35cf000 rw-p 00000000 00:00 0 
7f83e35cf000-7f83e35d0000 ---p 00000000 00:00 0 
7f83e35d0000-7f83e36d0000 rw-p 00000000 00:00 0 
7f83e36d0000-7f83e36d1000 ---p 00000000 00:00 0 
7f83e36d1000-7f83e37d1000 rw-p 00000000 00:00 0 
7f83e37d1000-7f83e37d2000 ---p 00000000 00:00 0 
7f83e37d2000-7f83e391c000 rw-p 00000000 00:00 0 
7f83e391c000-7f83e3d62000 ---p 00000000 00:00 0 
7f83e3d62000-7f83e3dac000 rw-p 00000000 00:00 0 
7f83e3dac000-7f83e41f2000 ---p 00000000 00:00 0 
7f83e41f2000-7f83e4217000 rw-p 00000000 00:00 0 
7f83e4217000-7f83e443a000 ---p 00000000 00:00 0 
7f83e443a000-7f83e4445000 rw-p 00000000 00:00 0 
7f83e4445000-7f83e47fb000 ---p 00000000 00:00 0 
7f83e47fb000-7f83e4a6b000 rwxp 00000000 00:00 0 
7f83e4a6b000-7f83f37fb000 ---p 00000000 00:00 0 
7f83f37fb000-7f83f4000000 r--s 00000000 fd:00 394037                     /var/lib/sss/mc/passwd
7f83f4000000-7f83f406b000 rw-p 00000000 00:00 0 
7f83f406b000-7f83f8000000 ---p 00000000 00:00 0 
7f83f8056000-7f83f80c3000 rw-p 00000000 00:00 0 
7f83f80c3000-7f83f80de000 r-xp 00000000 fd:00 4355338                    /opt/android-studio/jre/jre/lib/amd64/libzip.so
7f83f80de000-7f83f80df000 rw-p 0001a000 fd:00 4355338                    /opt/android-studio/jre/jre/lib/amd64/libzip.so
7f83f80df000-7f83f80e1000 r--p 00000000 fd:00 283569                     /usr/lib64/libnss_sss.so.2
7f83f80e1000-7f83f80e7000 r-xp 00002000 fd:00 283569                     /usr/lib64/libnss_sss.so.2
7f83f80e7000-7f83f80e9000 r--p 00008000 fd:00 283569                     /usr/lib64/libnss_sss.so.2
7f83f80e9000-7f83f80ea000 r--p 00009000 fd:00 283569                     /usr/lib64/libnss_sss.so.2
7f83f80ea000-7f83f80eb000 rw-p 0000a000 fd:00 283569                     /usr/lib64/libnss_sss.so.2
7f83f8106000-7f83f8130000 r-xp 00000000 fd:00 4355337                    /opt/android-studio/jre/jre/lib/amd64/libjava.so
7f83f8130000-7f83f8132000 rw-p 0002a000 fd:00 4355337                    /opt/android-studio/jre/jre/lib/amd64/libjava.so
7f83f8132000-7f83f8134000 r--p 00000000 fd:00 275297                     /usr/lib64/librt-2.29.so
7f83f8134000-7f83f8138000 r-xp 00002000 fd:00 275297                     /usr/lib64/librt-2.29.so
7f83f8138000-7f83f813a000 r--p 00006000 fd:00 275297                     /usr/lib64/librt-2.29.so
7f83f813a000-7f83f813b000 r--p 00007000 fd:00 275297                     /usr/lib64/librt-2.29.so
7f83f813b000-7f83f813c000 rw-p 00008000 fd:00 275297                     /usr/lib64/librt-2.29.so
7f83f813c000-7f83f813d000 ---p 00000000 00:00 0 
7f83f813d000-7f83f8140000 ---p 00000000 00:00 0 
7f83f8140000-7f83f823d000 rw-p 00000000 00:00 0 
7f83f823d000-7f83f824a000 r--p 00000000 fd:00 274791                     /usr/lib64/libm-2.29.so
7f83f824a000-7f83f82e6000 r-xp 0000d000 fd:00 274791                     /usr/lib64/libm-2.29.so
7f83f82e6000-7f83f8381000 r--p 000a9000 fd:00 274791                     /usr/lib64/libm-2.29.so
7f83f8381000-7f83f8382000 r--p 00143000 fd:00 274791                     /usr/lib64/libm-2.29.so
7f83f8382000-7f83f8383000 rw-p 00144000 fd:00 274791                     /usr/lib64/libm-2.29.so
7f83f8383000-7f83f8fa9000 r-xp 00000000 fd:00 4355312                    /opt/android-studio/jre/jre/lib/amd64/server/libjvm.so
7f83f8fa9000-7f83f9079000 rw-p 00c26000 fd:00 4355312                    /opt/android-studio/jre/jre/lib/amd64/server/libjvm.so
7f83f9079000-7f83f90bf000 rw-p 00000000 00:00 0 
7f83f90bf000-7f83f90e1000 r--p 00000000 fd:00 274637                     /usr/lib64/libc-2.29.so
7f83f90e1000-7f83f922e000 r-xp 00022000 fd:00 274637                     /usr/lib64/libc-2.29.so
7f83f922e000-7f83f927a000 r--p 0016f000 fd:00 274637                     /usr/lib64/libc-2.29.so
7f83f927a000-7f83f927b000 ---p 001bb000 fd:00 274637                     /usr/lib64/libc-2.29.so
7f83f927b000-7f83f927f000 r--p 001bb000 fd:00 274637                     /usr/lib64/libc-2.29.so
7f83f927f000-7f83f9281000 rw-p 001bf000 fd:00 274637                     /usr/lib64/libc-2.29.so
7f83f9281000-7f83f9285000 rw-p 00000000 00:00 0 
7f83f9285000-7f83f9286000 r--p 00000000 fd:00 274704                     /usr/lib64/libdl-2.29.so
7f83f9286000-7f83f9288000 r-xp 00001000 fd:00 274704                     /usr/lib64/libdl-2.29.so
7f83f9288000-7f83f9289000 r--p 00003000 fd:00 274704                     /usr/lib64/libdl-2.29.so
7f83f9289000-7f83f928a000 r--p 00003000 fd:00 274704                     /usr/lib64/libdl-2.29.so
7f83f928a000-7f83f928b000 rw-p 00004000 fd:00 274704                     /usr/lib64/libdl-2.29.so
7f83f928b000-7f83f92a1000 r-xp 00000000 fd:00 4475782                    /opt/android-studio/jre/lib/amd64/jli/libjli.so
7f83f92a1000-7f83f92a2000 rw-p 00015000 fd:00 4475782                    /opt/android-studio/jre/lib/amd64/jli/libjli.so
7f83f92a2000-7f83f92a8000 r--p 00000000 fd:00 275185                     /usr/lib64/libpthread-2.29.so
7f83f92a8000-7f83f92b7000 r-xp 00006000 fd:00 275185                     /usr/lib64/libpthread-2.29.so
7f83f92b7000-7f83f92bd000 r--p 00015000 fd:00 275185                     /usr/lib64/libpthread-2.29.so
7f83f92bd000-7f83f92be000 r--p 0001a000 fd:00 275185                     /usr/lib64/libpthread-2.29.so
7f83f92be000-7f83f92bf000 rw-p 0001b000 fd:00 275185                     /usr/lib64/libpthread-2.29.so
7f83f92bf000-7f83f92c5000 rw-p 00000000 00:00 0 
7f83f92c8000-7f83f92d0000 rw-s 00000000 00:2e 139947                     /tmp/hsperfdata_camila/10034
7f83f92d0000-7f83f92d1000 rw-p 00000000 00:00 0 
7f83f92d1000-7f83f92de000 r-xp 00000000 fd:00 4355319                    /opt/android-studio/jre/jre/lib/amd64/libverify.so
7f83f92de000-7f83f92e0000 rw-p 0000c000 fd:00 4355319                    /opt/android-studio/jre/jre/lib/amd64/libverify.so
7f83f92e0000-7f83f92e1000 r--p 00000000 fd:00 279115                     /usr/lib64/ld-2.29.so
7f83f92e1000-7f83f9301000 r-xp 00001000 fd:00 279115                     /usr/lib64/ld-2.29.so
7f83f9301000-7f83f9309000 r--p 00021000 fd:00 279115                     /usr/lib64/ld-2.29.so
7f83f9309000-7f83f930a000 r--p 00000000 00:00 0 
7f83f930a000-7f83f930b000 r--p 00029000 fd:00 279115                     /usr/lib64/ld-2.29.so
7f83f930b000-7f83f930c000 rw-p 0002a000 fd:00 279115                     /usr/lib64/ld-2.29.so
7f83f930c000-7f83f930d000 rw-p 00000000 00:00 0 
7ffc8080e000-7ffc8082f000 rw-p 00000000 00:00 0                          [stack]
7ffc809bb000-7ffc809be000 r--p 00000000 00:00 0                          [vvar]
7ffc809be000-7ffc809bf000 r-xp 00000000 00:00 0                          [vdso]
ffffffffff600000-ffffffffff601000 r-xp 00000000 00:00 0                  [vsyscall]

VM Arguments:
java_command: <unknown>
java_class_path (initial): .
Launcher Type: SUN_STANDARD

Environment Variables:
PATH=/home/camila/.local/bin:/home/camila/bin:/usr/share/Modules/bin:/usr/local/bin:/usr/local/sbin:/usr/bin:/usr/sbin
USERNAME=camila
SHELL=/bin/bash
DISPLAY=:0

Signal Handlers:
SIGSEGV: [libjvm.so+0xa09650], sa_mask[0]=11111111011111111101111111111110, sa_flags=SA_RESTART|SA_SIGINFO
SIGBUS: [libjvm.so+0xa09650], sa_mask[0]=11111111011111111101111111111110, sa_flags=SA_RESTART|SA_SIGINFO
SIGFPE: [libjvm.so+0x86bc60], sa_mask[0]=11111111011111111101111111111110, sa_flags=SA_RESTART|SA_SIGINFO
SIGPIPE: [libjvm.so+0x86bc60], sa_mask[0]=11111111011111111101111111111110, sa_flags=SA_RESTART|SA_SIGINFO
SIGXFSZ: [libjvm.so+0x86bc60], sa_mask[0]=11111111011111111101111111111110, sa_flags=SA_RESTART|SA_SIGINFO
SIGILL: [libjvm.so+0x86bc60], sa_mask[0]=11111111011111111101111111111110, sa_flags=SA_RESTART|SA_SIGINFO
SIGUSR1: SIG_DFL, sa_mask[0]=00000000000000000000000000000000, sa_flags=none
SIGUSR2: [libjvm.so+0x86bb30], sa_mask[0]=00100000000000000000000000000000, sa_flags=SA_RESTART|SA_SIGINFO
SIGHUP: SIG_DFL, sa_mask[0]=00000000000000000000000000000000, sa_flags=none
SIGINT: SIG_DFL, sa_mask[0]=00000000000000000000000000000000, sa_flags=none
SIGTERM: SIG_DFL, sa_mask[0]=00000000000000000000000000000000, sa_flags=none
SIGQUIT: SIG_DFL, sa_mask[0]=00000000000000000000000000000000, sa_flags=none


---------------  S Y S T E M  ---------------

OS:Fedora release 30 (Thirty)

uname:Linux 5.3.7-200.fc30.x86_64 #1 SMP Fri Oct 18 20:13:59 UTC 2019 x86_64
libc:glibc 2.29 NPTL 2.29 
rlimit: STACK 8192k, CORE infinity, NPROC 55615, NOFILE 524288, AS infinity
load average:1.87 0.47 0.29

/proc/meminfo:
MemTotal:       14344764 kB
MemFree:         7253280 kB
MemAvailable:   10928516 kB
Buffers:          172812 kB
Cached:          4250960 kB
SwapCached:            0 kB
Active:          3388672 kB
Inactive:        3165976 kB
Active(anon):    2158196 kB
Inactive(anon):   576496 kB
Active(file):    1230476 kB
Inactive(file):  2589480 kB
Unevictable:          48 kB
Mlocked:              48 kB
SwapTotal:       6246396 kB
SwapFree:        6246396 kB
Dirty:              1812 kB
Writeback:             0 kB
AnonPages:       2131008 kB
Mapped:          1198828 kB
Shmem:            604164 kB
KReclaimable:     191368 kB
Slab:             324128 kB
SReclaimable:     191368 kB
SUnreclaim:       132760 kB
KernelStack:       12876 kB
PageTables:        33988 kB
NFS_Unstable:          0 kB
Bounce:                0 kB
WritebackTmp:          0 kB
CommitLimit:    13418776 kB
Committed_AS:    8657920 kB
VmallocTotal:   34359738367 kB
VmallocUsed:       28936 kB
VmallocChunk:          0 kB
Percpu:            12288 kB
HardwareCorrupted:     0 kB
AnonHugePages:         0 kB
ShmemHugePages:        0 kB
ShmemPmdMapped:        0 kB
CmaTotal:              0 kB
CmaFree:               0 kB
HugePages_Total:       0
HugePages_Free:        0
HugePages_Rsvd:        0
HugePages_Surp:        0
Hugepagesize:       2048 kB
Hugetlb:               0 kB
DirectMap4k:      330560 kB
DirectMap2M:     9054208 kB
DirectMap1G:     6291456 kB

container (cgroup) information:
container_type: cgroupv1
cpu_cpuset_cpus: 0-3
cpu_memory_nodes: 0
active_processor_count: 4
cpu_quota: -1
cpu_period: 100000
cpu_shares: -1
memory_limit_in_bytes: -1
memory_and_swap_limit_in_bytes: -1
memory_soft_limit_in_bytes: -1
memory_usage_in_bytes: 4246925312
memory_max_usage_in_bytes: 6466682880


CPU:total 4 (initial active 4) (4 cores per cpu, 1 threads per core) family 23 model 17 stepping 0, cmov, cx8, fxsr, mmx, sse, sse2, sse3, ssse3, sse4.1, sse4.2, popcnt, avx, avx2, aes, clmul, mmxext, 3dnowpref, lzcnt, sse4a, tsc, tscinvbit, tscinv, bmi1

/proc/cpuinfo:
processor	: 0
vendor_id	: AuthenticAMD
cpu family	: 23
model		: 17
model name	: AMD Athlon 200GE with Radeon Vega Graphics
stepping	: 0
microcode	: 0x810100b
cpu MHz		: 3190.788
cache size	: 512 KB
physical id	: 0
siblings	: 4
core id		: 0
cpu cores	: 2
apicid		: 0
initial apicid	: 0
fpu		: yes
fpu_exception	: yes
cpuid level	: 13
wp		: yes
flags		: fpu vme de pse tsc msr pae mce cx8 apic sep mtrr pge mca cmov pat pse36 clflush mmx fxsr sse sse2 ht syscall nx mmxext fxsr_opt pdpe1gb rdtscp lm constant_tsc rep_good nopl nonstop_tsc cpuid extd_apicid aperfmperf pni pclmulqdq monitor ssse3 fma cx16 sse4_1 sse4_2 movbe popcnt aes xsave avx f16c rdrand lahf_lm cmp_legacy svm extapic cr8_legacy abm sse4a misalignsse 3dnowprefetch osvw skinit wdt tce topoext perfctr_core perfctr_nb bpext perfctr_llc mwaitx cpb hw_pstate sme ssbd sev ibpb vmmcall fsgsbase bmi1 avx2 smep bmi2 rdseed adx smap clflushopt sha_ni xsaveopt xsavec xgetbv1 xsaves clzero irperf xsaveerptr arat npt lbrv svm_lock nrip_save tsc_scale vmcb_clean flushbyasid decodeassists pausefilter pfthreshold avic v_vmsave_vmload vgif overflow_recov succor smca
bugs		: sysret_ss_attrs null_seg spectre_v1 spectre_v2 spec_store_bypass
bogomips	: 6400.03
TLB size	: 2560 4K pages
clflush size	: 64
cache_alignment	: 64
address sizes	: 43 bits physical, 48 bits virtual
power management: ts ttp tm hwpstate eff_freq_ro [13] [14]

processor	: 1
vendor_id	: AuthenticAMD
cpu family	: 23
model		: 17
model name	: AMD Athlon 200GE with Radeon Vega Graphics
stepping	: 0
microcode	: 0x810100b
cpu MHz		: 3188.811
cache size	: 512 KB
physical id	: 0
siblings	: 4
core id		: 0
cpu cores	: 2
apicid		: 1
initial apicid	: 1
fpu		: yes
fpu_exception	: yes
cpuid level	: 13
wp		: yes
flags		: fpu vme de pse tsc msr pae mce cx8 apic sep mtrr pge mca cmov pat pse36 clflush mmx fxsr sse sse2 ht syscall nx mmxext fxsr_opt pdpe1gb rdtscp lm constant_tsc rep_good nopl nonstop_tsc cpuid extd_apicid aperfmperf pni pclmulqdq monitor ssse3 fma cx16 sse4_1 sse4_2 movbe popcnt aes xsave avx f16c rdrand lahf_lm cmp_legacy svm extapic cr8_legacy abm sse4a misalignsse 3dnowprefetch osvw skinit wdt tce topoext perfctr_core perfctr_nb bpext perfctr_llc mwaitx cpb hw_pstate sme ssbd sev ibpb vmmcall fsgsbase bmi1 avx2 smep bmi2 rdseed adx smap clflushopt sha_ni xsaveopt xsavec xgetbv1 xsaves clzero irperf xsaveerptr arat npt lbrv svm_lock nrip_save tsc_scale vmcb_clean flushbyasid decodeassists pausefilter pfthreshold avic v_vmsave_vmload vgif overflow_recov succor smca
bugs		: sysret_ss_attrs null_seg spectre_v1 spectre_v2 spec_store_bypass
bogomips	: 6400.03
TLB size	: 2560 4K pages
clflush size	: 64
cache_alignment	: 64
address sizes	: 43 bits physical, 48 bits virtual
power management: ts ttp tm hwpstate eff_freq_ro [13] [14]

processor	: 2
vendor_id	: AuthenticAMD
cpu family	: 23
model		: 17
model name	: AMD Athlon 200GE with Radeon Vega Graphics
stepping	: 0
microcode	: 0x810100b
cpu MHz		: 3192.636
cache size	: 512 KB
physical id	: 0
siblings	: 4
core id		: 1
cpu cores	: 2
apicid		: 2
initial apicid	: 2
fpu		: yes
fpu_exception	: yes
cpuid level	: 13
wp		: yes
flags		: fpu vme de pse tsc msr pae mce cx8 apic sep mtrr pge mca cmov pat pse36 clflush mmx fxsr sse sse2 ht syscall nx mmxext fxsr_opt pdpe1gb rdtscp lm constant_tsc rep_good nopl nonstop_tsc cpuid extd_apicid aperfmperf pni pclmulqdq monitor ssse3 fma cx16 sse4_1 sse4_2 movbe popcnt aes xsave avx f16c rdrand lahf_lm cmp_legacy svm extapic cr8_legacy abm sse4a misalignsse 3dnowprefetch osvw skinit wdt tce topoext perfctr_core perfctr_nb bpext perfctr_llc mwaitx cpb hw_pstate sme ssbd sev ibpb vmmcall fsgsbase bmi1 avx2 smep bmi2 rdseed adx smap clflushopt sha_ni xsaveopt xsavec xgetbv1 xsaves clzero irperf xsaveerptr arat npt lbrv svm_lock nrip_save tsc_scale vmcb_clean flushbyasid decodeassists pausefilter pfthreshold avic v_vmsave_vmload vgif overflow_recov succor smca
bugs		: sysret_ss_attrs null_seg spectre_v1 spectre_v2 spec_store_bypass
bogomips	: 6400.03
TLB size	: 2560 4K pages
clflush size	: 64
cache_alignment	: 64
address sizes	: 43 bits physical, 48 bits virtual
power management: ts ttp tm hwpstate eff_freq_ro [13] [14]

processor	: 3
vendor_id	: AuthenticAMD
cpu family	: 23
model		: 17
model name	: AMD Athlon 200GE with Radeon Vega Graphics
stepping	: 0
microcode	: 0x810100b
cpu MHz		: 3192.658
cache size	: 512 KB
physical id	: 0
siblings	: 4
core id		: 1
cpu cores	: 2
apicid		: 3
initial apicid	: 3
fpu		: yes
fpu_exception	: yes
cpuid level	: 13
wp		: yes
flags		: fpu vme de pse tsc msr pae mce cx8 apic sep mtrr pge mca cmov pat pse36 clflush mmx fxsr sse sse2 ht syscall nx mmxext fxsr_opt pdpe1gb rdtscp lm constant_tsc rep_good nopl nonstop_tsc cpuid extd_apicid aperfmperf pni pclmulqdq monitor ssse3 fma cx16 sse4_1 sse4_2 movbe popcnt aes xsave avx f16c rdrand lahf_lm cmp_legacy svm extapic cr8_legacy abm sse4a misalignsse 3dnowprefetch osvw skinit wdt tce topoext perfctr_core perfctr_nb bpext perfctr_llc mwaitx cpb hw_pstate sme ssbd sev ibpb vmmcall fsgsbase bmi1 avx2 smep bmi2 rdseed adx smap clflushopt sha_ni xsaveopt xsavec xgetbv1 xsaves clzero irperf xsaveerptr arat npt lbrv svm_lock nrip_save tsc_scale vmcb_clean flushbyasid decodeassists pausefilter pfthreshold avic v_vmsave_vmload vgif overflow_recov succor smca
bugs		: sysret_ss_attrs null_seg spectre_v1 spectre_v2 spec_store_bypass
bogomips	: 6400.03
TLB size	: 2560 4K pages
clflush size	: 64
cache_alignment	: 64
address sizes	: 43 bits physical, 48 bits virtual
power management: ts ttp tm hwpstate eff_freq_ro [13] [14]



Memory: 4k page, physical 14344764k(7245144k free), swap 6246396k(6246396k free)

vm_info: OpenJDK 64-Bit Server VM (25.202-b49-5587405) for linux-amd64 JRE (1.8.0_202-release-1483-b49-5587405), built by "android-build" with gcc 4.8

time: Mon Dec  2 14:13:01 2019
timezone: EET
elapsed time: 0 seconds (0d 0h 0m 0s)

