#
# A fatal error has been detected by the Java Runtime Environment:
#
#  SIGSEGV (0xb) at pc=0x00007ff5825b0411, pid=10035, tid=0x00007ff581e27700
#
# JRE version:  (8.0_202) (build )
# Java VM: OpenJDK 64-Bit Server VM (25.202-b49-5587405 mixed mode linux-amd64 compressed oops)
# Problematic frame:
# V  [libjvm.so+0x642411]  InvocationCounter::reinitialize(bool)+0x61
#
# Core dump written. Default location: /home/camila/AndroidStudioProjects/Weather/core or core.10035
#
# If you would like to submit a bug report, please visit:
#   http://bugreport.java.com/bugreport/crash.jsp
#

---------------  T H R E A D  ---------------

Current thread (0x00007ff57c00a800):  JavaThread "Unknown thread" [_thread_in_vm, id=10043, stack(0x00007ff581d28000,0x00007ff581e28000)]

siginfo: si_signo: 11 (SIGSEGV), si_code: 1 (SEGV_MAPERR), si_addr: 0x0000000000002710

Registers:
RAX=0x0000000000013880, RBX=0x0000000000000000, RCX=0x00007ff57c026ed0, RDX=0x00007ff5825b0050
RSP=0x00007ff581e26b30, RBP=0x00007ff581e26b30, RSI=0x0000000000002710, RDI=0x0000000000002710
R8 =0xa3d70a3d70a3d70b, R9 =0x0000000000000000, R10=0x0000000000000100, R11=0x000000000000000e
R12=0x00007ff581e26bf0, R13=0x00007ff581e26b70, R14=0x00007ff582c66090, R15=0x00007ff57c00a800
RIP=0x00007ff5825b0411, EFLAGS=0x0000000000010202, CSGSFS=0x002b000000000033, ERR=0x0000000000000006
  TRAPNO=0x000000000000000e

Top of Stack: (sp=0x00007ff581e26b30)
0x00007ff581e26b30:   00007ff581e26bd0 00007ff5828fa5ca
0x00007ff581e26b40:   00007ff581e26be0 00007ff582942481
0x00007ff581e26b50:   0000000000000100 0000000000000000
0x00007ff581e26b60:   0000000000000000 00007ff57c017000
0x00007ff581e26b70:   0000000000000000 00000000013b13b0
0x00007ff581e26b80:   0000000000000000 0000000000000000
0x00007ff581e26b90:   0000000000000000 0000000000000000
0x00007ff581e26ba0:   0000000000000000 0000000000000000
0x00007ff581e26bb0:   00007ff581e26bf0 00007ff581e26de0
0x00007ff581e26bc0:   00007ff582c66090 00007ff57c00a800
0x00007ff581e26bd0:   00007ff581e26be0 00007ff5825a3479
0x00007ff581e26be0:   00007ff581e26c40 00007ff58256adb5
0x00007ff581e26bf0:   00007ff57c00a800 00007ff57c009750
0x00007ff581e26c00:   00007ff57c009790 00007ff57c0097a0
0x00007ff581e26c10:   00007ff57c009878 00000000000000d8
0x00007ff581e26c20:   00007ff57c0099b0 00007ff581e26cf0
0x00007ff581e26c30:   00007ff581e26cf0 00007ff581e26cc0
0x00007ff581e26c40:   00007ff581e26dd0 00007ff582925a74
0x00007ff581e26c50:   0000000000000000 0000000000000000
0x00007ff581e26c60:   0000000000000000 0000000000000000
0x00007ff581e26c70:   0000000000000000 0000000000000000
0x00007ff581e26c80:   0000000000000000 0000000000000000
0x00007ff581e26c90:   0000000000000000 0000000000000000
0x00007ff581e26ca0:   0000000000000000 0000000000000000
0x00007ff581e26cb0:   0000000000000000 0000000000000000
0x00007ff581e26cc0:   0000000000000001 0000016ec6873beb
0x00007ff581e26cd0:   0000000000000000 0000000000000000
0x00007ff581e26ce0:   0000000000000000 0000000000000000
0x00007ff581e26cf0:   0000000000000100 0000000000000000
0x00007ff581e26d00:   0000000000000000 0000000000000000
0x00007ff581e26d10:   0000000000000000 0000000000000000
0x00007ff581e26d20:   0000000000000000 0000000000000000 

Instructions: (pc=0x00007ff5825b0411)
0x00007ff5825b03f1:   48 0f 44 c2 48 89 05 5c fe 6b 00 48 8b 05 dd 6c
0x00007ff5825b0401:   5e 00 48 8b 30 48 8d 04 f5 00 00 00 00 48 89 f7
0x00007ff5825b0411:   89 0f 29 fe 6b 00 48 8b 05 1a 90 5e 00 4c 8b 08
0x00007ff5825b0421:   49 0d af f9 48 89 f8 49 f7 f8 48 8b 05 86 78 5e 

Stack: [0x00007ff581d28000,0x00007ff581e28000],  sp=0x00007ff581e26b30,  free space=1018k
Native frames: (J=compiled Java code, j=interpreted, Vv=VM code, C=native code)
V  [libjvm.so+0x642411]  InvocationCounter::reinitialize(bool)+0x61
V  [libjvm.so+0x98c5ca]  TemplateInterpreter::initialize()+0x2a
V  [libjvm.so+0x635479]  interpreter_init()+0x9
V  [libjvm.so+0x5fcdb5]  init_globals()+0x75
V  [libjvm.so+0x9b7a74]  Threads::create_vm(JavaVMInitArgs*, bool*)+0x274
V  [libjvm.so+0x669d5e]  JNI_CreateJavaVM+0x4e
C  [libjli.so+0x76f8]  JavaMain+0x88
C  [libpthread.so.0+0x84c0]  start_thread+0xe0


---------------  P R O C E S S  ---------------

Java Threads: ( => current thread )

Other Threads:

=>0x00007ff57c00a800 (exited) JavaThread "Unknown thread" [_thread_in_vm, id=10043, stack(0x00007ff581d28000,0x00007ff581e28000)]

VM state:not at safepoint (not fully initialized)

VM Mutex/Monitor currently owned by a thread: None

heap address: 0x00000006e5000000, size: 3504 MB, Compressed Oops mode: Zero based, Oop shift amount: 3
Narrow klass base: 0x0000000000000000, Narrow klass shift: 3
Compressed class space size: 1073741824 Address: 0x00000007c0000000

GC Heap History (0 events):
No events

Deoptimization events (0 events):
No events

Classes redefined (0 events):
No events

Internal exceptions (0 events):
No events

Events (0 events):
No events


Dynamic libraries:
00400000-00401000 r-xp 00000000 fd:00 4475813                            /opt/android-studio/jre/bin/java
00401000-00402000 rw-p 00000000 fd:00 4475813                            /opt/android-studio/jre/bin/java
013b0000-013d1000 rw-p 00000000 00:00 0                                  [heap]
6e5000000-6ee300000 rw-p 00000000 00:00 0 
6ee300000-777000000 ---p 00000000 00:00 0 
777000000-77b900000 rw-p 00000000 00:00 0 
77b900000-800000000 ---p 00000000 00:00 0 
7ff554000000-7ff554021000 rw-p 00000000 00:00 0 
7ff554021000-7ff558000000 ---p 00000000 00:00 0 
7ff55c000000-7ff55c021000 rw-p 00000000 00:00 0 
7ff55c021000-7ff560000000 ---p 00000000 00:00 0 
7ff560fc5000-7ff568000000 rw-p 00000000 00:00 0 
7ff568000000-7ff568021000 rw-p 00000000 00:00 0 
7ff568021000-7ff56c000000 ---p 00000000 00:00 0 
7ff56c128000-7ff56c928000 ---p 00000000 00:00 0 
7ff56c928000-7ff56d000000 rw-p 00000000 00:00 0 
7ff56d000000-7ff56d270000 rwxp 00000000 00:00 0 
7ff56d270000-7ff57c000000 ---p 00000000 00:00 0 
7ff57c000000-7ff57c06b000 rw-p 00000000 00:00 0 
7ff57c06b000-7ff580000000 ---p 00000000 00:00 0 
7ff58003e000-7ff58017c000 rw-p 00000000 00:00 0 
7ff58017c000-7ff58017d000 ---p 00000000 00:00 0 
7ff58017d000-7ff58027d000 rw-p 00000000 00:00 0 
7ff58027d000-7ff58027e000 ---p 00000000 00:00 0 
7ff58027e000-7ff58037e000 rw-p 00000000 00:00 0 
7ff58037e000-7ff58037f000 ---p 00000000 00:00 0 
7ff58037f000-7ff58047f000 rw-p 00000000 00:00 0 
7ff58047f000-7ff580480000 ---p 00000000 00:00 0 
7ff580480000-7ff5805ca000 rw-p 00000000 00:00 0 
7ff5805ca000-7ff580a10000 ---p 00000000 00:00 0 
7ff580a10000-7ff580a5a000 rw-p 00000000 00:00 0 
7ff580a5a000-7ff580ea0000 ---p 00000000 00:00 0 
7ff580ea0000-7ff580ec5000 rw-p 00000000 00:00 0 
7ff580ec5000-7ff5810e8000 ---p 00000000 00:00 0 
7ff5810e8000-7ff5810f3000 rw-p 00000000 00:00 0 
7ff5810f3000-7ff5814a9000 ---p 00000000 00:00 0 
7ff5814a9000-7ff5814c4000 r-xp 00000000 fd:00 4355338                    /opt/android-studio/jre/jre/lib/amd64/libzip.so
7ff5814c4000-7ff5814c5000 rw-p 0001a000 fd:00 4355338                    /opt/android-studio/jre/jre/lib/amd64/libzip.so
7ff5814c5000-7ff581cca000 r--s 00000000 fd:00 394037                     /var/lib/sss/mc/passwd
7ff581cca000-7ff581ccc000 r--p 00000000 fd:00 283569                     /usr/lib64/libnss_sss.so.2
7ff581ccc000-7ff581cd2000 r-xp 00002000 fd:00 283569                     /usr/lib64/libnss_sss.so.2
7ff581cd2000-7ff581cd4000 r--p 00008000 fd:00 283569                     /usr/lib64/libnss_sss.so.2
7ff581cd4000-7ff581cd5000 r--p 00009000 fd:00 283569                     /usr/lib64/libnss_sss.so.2
7ff581cd5000-7ff581cd6000 rw-p 0000a000 fd:00 283569                     /usr/lib64/libnss_sss.so.2
7ff581cf1000-7ff581d1b000 r-xp 00000000 fd:00 4355337                    /opt/android-studio/jre/jre/lib/amd64/libjava.so
7ff581d1b000-7ff581d1d000 rw-p 0002a000 fd:00 4355337                    /opt/android-studio/jre/jre/lib/amd64/libjava.so
7ff581d1d000-7ff581d1f000 r--p 00000000 fd:00 275297                     /usr/lib64/librt-2.29.so
7ff581d1f000-7ff581d23000 r-xp 00002000 fd:00 275297                     /usr/lib64/librt-2.29.so
7ff581d23000-7ff581d25000 r--p 00006000 fd:00 275297                     /usr/lib64/librt-2.29.so
7ff581d25000-7ff581d26000 r--p 00007000 fd:00 275297                     /usr/lib64/librt-2.29.so
7ff581d26000-7ff581d27000 rw-p 00008000 fd:00 275297                     /usr/lib64/librt-2.29.so
7ff581d27000-7ff581d28000 ---p 00000000 00:00 0 
7ff581d28000-7ff581d2b000 ---p 00000000 00:00 0 
7ff581d2b000-7ff581e28000 rw-p 00000000 00:00 0 
7ff581e28000-7ff581e35000 r--p 00000000 fd:00 274791                     /usr/lib64/libm-2.29.so
7ff581e35000-7ff581ed1000 r-xp 0000d000 fd:00 274791                     /usr/lib64/libm-2.29.so
7ff581ed1000-7ff581f6c000 r--p 000a9000 fd:00 274791                     /usr/lib64/libm-2.29.so
7ff581f6c000-7ff581f6d000 r--p 00143000 fd:00 274791                     /usr/lib64/libm-2.29.so
7ff581f6d000-7ff581f6e000 rw-p 00144000 fd:00 274791                     /usr/lib64/libm-2.29.so
7ff581f6e000-7ff582b94000 r-xp 00000000 fd:00 4355312                    /opt/android-studio/jre/jre/lib/amd64/server/libjvm.so
7ff582b94000-7ff582c64000 rw-p 00c26000 fd:00 4355312                    /opt/android-studio/jre/jre/lib/amd64/server/libjvm.so
7ff582c64000-7ff582caa000 rw-p 00000000 00:00 0 
7ff582caa000-7ff582ccc000 r--p 00000000 fd:00 274637                     /usr/lib64/libc-2.29.so
7ff582ccc000-7ff582e19000 r-xp 00022000 fd:00 274637                     /usr/lib64/libc-2.29.so
7ff582e19000-7ff582e65000 r--p 0016f000 fd:00 274637                     /usr/lib64/libc-2.29.so
7ff582e65000-7ff582e66000 ---p 001bb000 fd:00 274637                     /usr/lib64/libc-2.29.so
7ff582e66000-7ff582e6a000 r--p 001bb000 fd:00 274637                     /usr/lib64/libc-2.29.so
7ff582e6a000-7ff582e6c000 rw-p 001bf000 fd:00 274637                     /usr/lib64/libc-2.29.so
7ff582e6c000-7ff582e70000 rw-p 00000000 00:00 0 
7ff582e70000-7ff582e71000 r--p 00000000 fd:00 274704                     /usr/lib64/libdl-2.29.so
7ff582e71000-7ff582e73000 r-xp 00001000 fd:00 274704                     /usr/lib64/libdl-2.29.so
7ff582e73000-7ff582e74000 r--p 00003000 fd:00 274704                     /usr/lib64/libdl-2.29.so
7ff582e74000-7ff582e75000 r--p 00003000 fd:00 274704                     /usr/lib64/libdl-2.29.so
7ff582e75000-7ff582e76000 rw-p 00004000 fd:00 274704                     /usr/lib64/libdl-2.29.so
7ff582e76000-7ff582e8c000 r-xp 00000000 fd:00 4475782                    /opt/android-studio/jre/lib/amd64/jli/libjli.so
7ff582e8c000-7ff582e8d000 rw-p 00015000 fd:00 4475782                    /opt/android-studio/jre/lib/amd64/jli/libjli.so
7ff582e8d000-7ff582e93000 r--p 00000000 fd:00 275185                     /usr/lib64/libpthread-2.29.so
7ff582e93000-7ff582ea2000 r-xp 00006000 fd:00 275185                     /usr/lib64/libpthread-2.29.so
7ff582ea2000-7ff582ea8000 r--p 00015000 fd:00 275185                     /usr/lib64/libpthread-2.29.so
7ff582ea8000-7ff582ea9000 r--p 0001a000 fd:00 275185                     /usr/lib64/libpthread-2.29.so
7ff582ea9000-7ff582eaa000 rw-p 0001b000 fd:00 275185                     /usr/lib64/libpthread-2.29.so
7ff582eaa000-7ff582eb0000 rw-p 00000000 00:00 0 
7ff582eb3000-7ff582ebb000 rw-s 00000000 00:2e 144402                     /tmp/hsperfdata_camila/10035
7ff582ebb000-7ff582ebc000 rw-p 00000000 00:00 0 
7ff582ebc000-7ff582ec9000 r-xp 00000000 fd:00 4355319                    /opt/android-studio/jre/jre/lib/amd64/libverify.so
7ff582ec9000-7ff582ecb000 rw-p 0000c000 fd:00 4355319                    /opt/android-studio/jre/jre/lib/amd64/libverify.so
7ff582ecb000-7ff582ecc000 r--p 00000000 fd:00 279115                     /usr/lib64/ld-2.29.so
7ff582ecc000-7ff582eec000 r-xp 00001000 fd:00 279115                     /usr/lib64/ld-2.29.so
7ff582eec000-7ff582ef4000 r--p 00021000 fd:00 279115                     /usr/lib64/ld-2.29.so
7ff582ef4000-7ff582ef5000 r--p 00000000 00:00 0 
7ff582ef5000-7ff582ef6000 r--p 00029000 fd:00 279115                     /usr/lib64/ld-2.29.so
7ff582ef6000-7ff582ef7000 rw-p 0002a000 fd:00 279115                     /usr/lib64/ld-2.29.so
7ff582ef7000-7ff582ef8000 rw-p 00000000 00:00 0 
7ffea2d8e000-7ffea2daf000 rw-p 00000000 00:00 0                          [stack]
7ffea2dbf000-7ffea2dc2000 r--p 00000000 00:00 0                          [vvar]
7ffea2dc2000-7ffea2dc3000 r-xp 00000000 00:00 0                          [vdso]
ffffffffff600000-ffffffffff601000 r-xp 00000000 00:00 0                  [vsyscall]

VM Arguments:
java_command: <unknown>
java_class_path (initial): .
Launcher Type: SUN_STANDARD

Environment Variables:
PATH=/home/camila/.local/bin:/home/camila/bin:/usr/share/Modules/bin:/usr/local/bin:/usr/local/sbin:/usr/bin:/usr/sbin
USERNAME=camila
SHELL=/bin/bash
DISPLAY=:0

Signal Handlers:
SIGSEGV: [libjvm.so+0xa09650], sa_mask[0]=11111111011111111101111111111110, sa_flags=SA_RESTART|SA_SIGINFO
SIGBUS: [libjvm.so+0xa09650], sa_mask[0]=11111111011111111101111111111110, sa_flags=SA_RESTART|SA_SIGINFO
SIGFPE: [libjvm.so+0x86bc60], sa_mask[0]=11111111011111111101111111111110, sa_flags=SA_RESTART|SA_SIGINFO
SIGPIPE: [libjvm.so+0x86bc60], sa_mask[0]=11111111011111111101111111111110, sa_flags=SA_RESTART|SA_SIGINFO
SIGXFSZ: [libjvm.so+0x86bc60], sa_mask[0]=11111111011111111101111111111110, sa_flags=SA_RESTART|SA_SIGINFO
SIGILL: [libjvm.so+0x86bc60], sa_mask[0]=11111111011111111101111111111110, sa_flags=SA_RESTART|SA_SIGINFO
SIGUSR1: SIG_DFL, sa_mask[0]=00000000000000000000000000000000, sa_flags=none
SIGUSR2: [libjvm.so+0x86bb30], sa_mask[0]=00100000000000000000000000000000, sa_flags=SA_RESTART|SA_SIGINFO
SIGHUP: SIG_DFL, sa_mask[0]=00000000000000000000000000000000, sa_flags=none
SIGINT: SIG_DFL, sa_mask[0]=00000000000000000000000000000000, sa_flags=none
SIGTERM: SIG_DFL, sa_mask[0]=00000000000000000000000000000000, sa_flags=none
SIGQUIT: SIG_DFL, sa_mask[0]=00000000000000000000000000000000, sa_flags=none


---------------  S Y S T E M  ---------------

OS:Fedora release 30 (Thirty)

uname:Linux 5.3.7-200.fc30.x86_64 #1 SMP Fri Oct 18 20:13:59 UTC 2019 x86_64
libc:glibc 2.29 NPTL 2.29 
rlimit: STACK 8192k, CORE infinity, NPROC 55615, NOFILE 524288, AS infinity
load average:1.87 0.47 0.29

/proc/meminfo:
MemTotal:       14344764 kB
MemFree:         7247956 kB
MemAvailable:   10923224 kB
Buffers:          172812 kB
Cached:          4250920 kB
SwapCached:            0 kB
Active:          3394116 kB
Inactive:        3165892 kB
Active(anon):    2163596 kB
Inactive(anon):   576456 kB
Active(file):    1230520 kB
Inactive(file):  2589436 kB
Unevictable:          48 kB
Mlocked:              48 kB
SwapTotal:       6246396 kB
SwapFree:        6246396 kB
Dirty:              1812 kB
Writeback:             0 kB
AnonPages:       2136232 kB
Mapped:          1198788 kB
Shmem:            604124 kB
KReclaimable:     191400 kB
Slab:             324160 kB
SReclaimable:     191400 kB
SUnreclaim:       132760 kB
KernelStack:       12976 kB
PageTables:        33992 kB
NFS_Unstable:          0 kB
Bounce:                0 kB
WritebackTmp:          0 kB
CommitLimit:    13418776 kB
Committed_AS:    9010552 kB
VmallocTotal:   34359738367 kB
VmallocUsed:       29000 kB
VmallocChunk:          0 kB
Percpu:            12288 kB
HardwareCorrupted:     0 kB
AnonHugePages:         0 kB
ShmemHugePages:        0 kB
ShmemPmdMapped:        0 kB
CmaTotal:              0 kB
CmaFree:               0 kB
HugePages_Total:       0
HugePages_Free:        0
HugePages_Rsvd:        0
HugePages_Surp:        0
Hugepagesize:       2048 kB
Hugetlb:               0 kB
DirectMap4k:      330560 kB
DirectMap2M:     9054208 kB
DirectMap1G:     6291456 kB

container (cgroup) information:
container_type: cgroupv1
cpu_cpuset_cpus: 0-3
cpu_memory_nodes: 0
active_processor_count: 4
cpu_quota: -1
cpu_period: 100000
cpu_shares: -1
memory_limit_in_bytes: -1
memory_and_swap_limit_in_bytes: -1
memory_soft_limit_in_bytes: -1
memory_usage_in_bytes: 4252561408
memory_max_usage_in_bytes: 6466682880


CPU:total 4 (initial active 4) (4 cores per cpu, 1 threads per core) family 23 model 17 stepping 0, cmov, cx8, fxsr, mmx, sse, sse2, sse3, ssse3, sse4.1, sse4.2, popcnt, avx, avx2, aes, clmul, mmxext, 3dnowpref, lzcnt, sse4a, tsc, tscinvbit, tscinv, bmi1

/proc/cpuinfo:
processor	: 0
vendor_id	: AuthenticAMD
cpu family	: 23
model		: 17
model name	: AMD Athlon 200GE with Radeon Vega Graphics
stepping	: 0
microcode	: 0x810100b
cpu MHz		: 3134.275
cache size	: 512 KB
physical id	: 0
siblings	: 4
core id		: 0
cpu cores	: 2
apicid		: 0
initial apicid	: 0
fpu		: yes
fpu_exception	: yes
cpuid level	: 13
wp		: yes
flags		: fpu vme de pse tsc msr pae mce cx8 apic sep mtrr pge mca cmov pat pse36 clflush mmx fxsr sse sse2 ht syscall nx mmxext fxsr_opt pdpe1gb rdtscp lm constant_tsc rep_good nopl nonstop_tsc cpuid extd_apicid aperfmperf pni pclmulqdq monitor ssse3 fma cx16 sse4_1 sse4_2 movbe popcnt aes xsave avx f16c rdrand lahf_lm cmp_legacy svm extapic cr8_legacy abm sse4a misalignsse 3dnowprefetch osvw skinit wdt tce topoext perfctr_core perfctr_nb bpext perfctr_llc mwaitx cpb hw_pstate sme ssbd sev ibpb vmmcall fsgsbase bmi1 avx2 smep bmi2 rdseed adx smap clflushopt sha_ni xsaveopt xsavec xgetbv1 xsaves clzero irperf xsaveerptr arat npt lbrv svm_lock nrip_save tsc_scale vmcb_clean flushbyasid decodeassists pausefilter pfthreshold avic v_vmsave_vmload vgif overflow_recov succor smca
bugs		: sysret_ss_attrs null_seg spectre_v1 spectre_v2 spec_store_bypass
bogomips	: 6400.03
TLB size	: 2560 4K pages
clflush size	: 64
cache_alignment	: 64
address sizes	: 43 bits physical, 48 bits virtual
power management: ts ttp tm hwpstate eff_freq_ro [13] [14]

processor	: 1
vendor_id	: AuthenticAMD
cpu family	: 23
model		: 17
model name	: AMD Athlon 200GE with Radeon Vega Graphics
stepping	: 0
microcode	: 0x810100b
cpu MHz		: 3137.812
cache size	: 512 KB
physical id	: 0
siblings	: 4
core id		: 0
cpu cores	: 2
apicid		: 1
initial apicid	: 1
fpu		: yes
fpu_exception	: yes
cpuid level	: 13
wp		: yes
flags		: fpu vme de pse tsc msr pae mce cx8 apic sep mtrr pge mca cmov pat pse36 clflush mmx fxsr sse sse2 ht syscall nx mmxext fxsr_opt pdpe1gb rdtscp lm constant_tsc rep_good nopl nonstop_tsc cpuid extd_apicid aperfmperf pni pclmulqdq monitor ssse3 fma cx16 sse4_1 sse4_2 movbe popcnt aes xsave avx f16c rdrand lahf_lm cmp_legacy svm extapic cr8_legacy abm sse4a misalignsse 3dnowprefetch osvw skinit wdt tce topoext perfctr_core perfctr_nb bpext perfctr_llc mwaitx cpb hw_pstate sme ssbd sev ibpb vmmcall fsgsbase bmi1 avx2 smep bmi2 rdseed adx smap clflushopt sha_ni xsaveopt xsavec xgetbv1 xsaves clzero irperf xsaveerptr arat npt lbrv svm_lock nrip_save tsc_scale vmcb_clean flushbyasid decodeassists pausefilter pfthreshold avic v_vmsave_vmload vgif overflow_recov succor smca
bugs		: sysret_ss_attrs null_seg spectre_v1 spectre_v2 spec_store_bypass
bogomips	: 6400.03
TLB size	: 2560 4K pages
clflush size	: 64
cache_alignment	: 64
address sizes	: 43 bits physical, 48 bits virtual
power management: ts ttp tm hwpstate eff_freq_ro [13] [14]

processor	: 2
vendor_id	: AuthenticAMD
cpu family	: 23
model		: 17
model name	: AMD Athlon 200GE with Radeon Vega Graphics
stepping	: 0
microcode	: 0x810100b
cpu MHz		: 3133.921
cache size	: 512 KB
physical id	: 0
siblings	: 4
core id		: 1
cpu cores	: 2
apicid		: 2
initial apicid	: 2
fpu		: yes
fpu_exception	: yes
cpuid level	: 13
wp		: yes
flags		: fpu vme de pse tsc msr pae mce cx8 apic sep mtrr pge mca cmov pat pse36 clflush mmx fxsr sse sse2 ht syscall nx mmxext fxsr_opt pdpe1gb rdtscp lm constant_tsc rep_good nopl nonstop_tsc cpuid extd_apicid aperfmperf pni pclmulqdq monitor ssse3 fma cx16 sse4_1 sse4_2 movbe popcnt aes xsave avx f16c rdrand lahf_lm cmp_legacy svm extapic cr8_legacy abm sse4a misalignsse 3dnowprefetch osvw skinit wdt tce topoext perfctr_core perfctr_nb bpext perfctr_llc mwaitx cpb hw_pstate sme ssbd sev ibpb vmmcall fsgsbase bmi1 avx2 smep bmi2 rdseed adx smap clflushopt sha_ni xsaveopt xsavec xgetbv1 xsaves clzero irperf xsaveerptr arat npt lbrv svm_lock nrip_save tsc_scale vmcb_clean flushbyasid decodeassists pausefilter pfthreshold avic v_vmsave_vmload vgif overflow_recov succor smca
bugs		: sysret_ss_attrs null_seg spectre_v1 spectre_v2 spec_store_bypass
bogomips	: 6400.03
TLB size	: 2560 4K pages
clflush size	: 64
cache_alignment	: 64
address sizes	: 43 bits physical, 48 bits virtual
power management: ts ttp tm hwpstate eff_freq_ro [13] [14]

processor	: 3
vendor_id	: AuthenticAMD
cpu family	: 23
model		: 17
model name	: AMD Athlon 200GE with Radeon Vega Graphics
stepping	: 0
microcode	: 0x810100b
cpu MHz		: 3134.121
cache size	: 512 KB
physical id	: 0
siblings	: 4
core id		: 1
cpu cores	: 2
apicid		: 3
initial apicid	: 3
fpu		: yes
fpu_exception	: yes
cpuid level	: 13
wp		: yes
flags		: fpu vme de pse tsc msr pae mce cx8 apic sep mtrr pge mca cmov pat pse36 clflush mmx fxsr sse sse2 ht syscall nx mmxext fxsr_opt pdpe1gb rdtscp lm constant_tsc rep_good nopl nonstop_tsc cpuid extd_apicid aperfmperf pni pclmulqdq monitor ssse3 fma cx16 sse4_1 sse4_2 movbe popcnt aes xsave avx f16c rdrand lahf_lm cmp_legacy svm extapic cr8_legacy abm sse4a misalignsse 3dnowprefetch osvw skinit wdt tce topoext perfctr_core perfctr_nb bpext perfctr_llc mwaitx cpb hw_pstate sme ssbd sev ibpb vmmcall fsgsbase bmi1 avx2 smep bmi2 rdseed adx smap clflushopt sha_ni xsaveopt xsavec xgetbv1 xsaves clzero irperf xsaveerptr arat npt lbrv svm_lock nrip_save tsc_scale vmcb_clean flushbyasid decodeassists pausefilter pfthreshold avic v_vmsave_vmload vgif overflow_recov succor smca
bugs		: sysret_ss_attrs null_seg spectre_v1 spectre_v2 spec_store_bypass
bogomips	: 6400.03
TLB size	: 2560 4K pages
clflush size	: 64
cache_alignment	: 64
address sizes	: 43 bits physical, 48 bits virtual
power management: ts ttp tm hwpstate eff_freq_ro [13] [14]



Memory: 4k page, physical 14344764k(7247452k free), swap 6246396k(6246396k free)

vm_info: OpenJDK 64-Bit Server VM (25.202-b49-5587405) for linux-amd64 JRE (1.8.0_202-release-1483-b49-5587405), built by "android-build" with gcc 4.8

time: Mon Dec  2 14:13:01 2019
timezone: EET
elapsed time: 0 seconds (0d 0h 0m 0s)

